<?xml version="1.0" encoding="UTF-8"?>
<!-- Generated by org.testng.reporters.JUnitXMLReporter -->
<testsuite hostname="localhost.localdomain" name="Surefire test" tests="1" failures="1" timestamp="16 Jul 2016 11:10:13 GMT" time="0.818" errors="0">
  <testcase name="sampleXml" time="0.792" classname="com.test.ProductTest">
    <failure type="com.consol.citrus.exceptions.TestCaseFailedException" message="Test case failed">
      <![CDATA[com.consol.citrus.exceptions.TestCaseFailedException: Test case failed
	at com.consol.citrus.TestCase.executeAction(TestCase.java:221)
	at com.consol.citrus.TestCase.doExecute(TestCase.java:142)
	at com.consol.citrus.actions.AbstractTestAction.execute(AbstractTestAction.java:42)
	at com.consol.citrus.Citrus.run(Citrus.java:254)
	at com.consol.citrus.testng.AbstractTestNGCitrusTest.run(AbstractTestNGCitrusTest.java:104)
	at com.consol.citrus.testng.AbstractTestNGCitrusTest.run(AbstractTestNGCitrusTest.java:70)
Caused by: org.springframework.web.client.ResourceAccessException: I/O error on GET request for "http://localhost:5000/api/products/":Connect to localhost:5000 [localhost/127.0.0.1, localhost/0:0:0:0:0:0:0:1] failed: Connection refused; nested exception is org.apache.http.conn.HttpHostConnectException: Connect to localhost:5000 [localhost/127.0.0.1, localhost/0:0:0:0:0:0:0:1] failed: Connection refused
	at org.springframework.web.client.RestTemplate.doExecute(RestTemplate.java:607)
	at org.springframework.web.client.RestTemplate.execute(RestTemplate.java:557)
	at org.springframework.web.client.RestTemplate.exchange(RestTemplate.java:475)
	at com.consol.citrus.http.client.HttpClient.send(HttpClient.java:117)
	at com.consol.citrus.actions.SendMessageAction.doExecute(SendMessageAction.java:103)
	at com.consol.citrus.actions.AbstractTestAction.execute(AbstractTestAction.java:42)
	at com.consol.citrus.TestCase.executeAction(TestCase.java:214)
	... 29 more
Caused by: org.apache.http.conn.HttpHostConnectException: Connect to localhost:5000 [localhost/127.0.0.1, localhost/0:0:0:0:0:0:0:1] failed: Connection refused
	at org.apache.http.impl.conn.DefaultHttpClientConnectionOperator.connect(DefaultHttpClientConnectionOperator.java:151)
	at org.apache.http.impl.conn.PoolingHttpClientConnectionManager.connect(PoolingHttpClientConnectionManager.java:353)
	at org.apache.http.impl.execchain.MainClientExec.establishRoute(MainClientExec.java:380)
	at org.apache.http.impl.execchain.MainClientExec.execute(MainClientExec.java:236)
	at org.apache.http.impl.execchain.ProtocolExec.execute(ProtocolExec.java:184)
	at org.apache.http.impl.execchain.RetryExec.execute(RetryExec.java:88)
	at org.apache.http.impl.execchain.RedirectExec.execute(RedirectExec.java:110)
	at org.apache.http.impl.client.InternalHttpClient.doExecute(InternalHttpClient.java:184)
	at org.apache.http.impl.client.CloseableHttpClient.execute(CloseableHttpClient.java:82)
	at org.apache.http.impl.client.CloseableHttpClient.execute(CloseableHttpClient.java:55)
	at org.springframework.http.client.HttpComponentsClientHttpRequest.executeInternal(HttpComponentsClientHttpRequest.java:91)
	at org.springframework.http.client.AbstractBufferingClientHttpRequest.executeInternal(AbstractBufferingClientHttpRequest.java:48)
	at org.springframework.http.client.AbstractClientHttpRequest.execute(AbstractClientHttpRequest.java:53)
	at org.springframework.http.client.InterceptingClientHttpRequest$RequestExecution.execute(InterceptingClientHttpRequest.java:94)
	at com.consol.citrus.http.interceptor.LoggingClientInterceptor.intercept(LoggingClientInterceptor.java:56)
	at org.springframework.http.client.InterceptingClientHttpRequest$RequestExecution.execute(InterceptingClientHttpRequest.java:84)
	at org.springframework.http.client.InterceptingClientHttpRequest.executeInternal(InterceptingClientHttpRequest.java:69)
	at org.springframework.http.client.AbstractBufferingClientHttpRequest.executeInternal(AbstractBufferingClientHttpRequest.java:48)
	at org.springframework.http.client.AbstractClientHttpRequest.execute(AbstractClientHttpRequest.java:53)
	at org.springframework.web.client.RestTemplate.doExecute(RestTemplate.java:596)
	... 35 more
Caused by: java.net.ConnectException: Connection refused
	at java.net.PlainSocketImpl.socketConnect(Native Method)
	at java.net.AbstractPlainSocketImpl.doConnect(AbstractPlainSocketImpl.java:350)
	at java.net.AbstractPlainSocketImpl.connectToAddress(AbstractPlainSocketImpl.java:206)
	at java.net.AbstractPlainSocketImpl.connect(AbstractPlainSocketImpl.java:188)
	at java.net.SocksSocketImpl.connect(SocksSocketImpl.java:392)
	at java.net.Socket.connect(Socket.java:589)
	at org.apache.http.conn.socket.PlainConnectionSocketFactory.connectSocket(PlainConnectionSocketFactory.java:74)
	at org.apache.http.impl.conn.DefaultHttpClientConnectionOperator.connect(DefaultHttpClientConnectionOperator.java:134)
	... 54 more
... Removed 24 stack frames]]>
    </failure>
  </testcase> <!-- sampleXml -->
</testsuite> <!-- Surefire test -->
