<?xml version="1.0" encoding="UTF-8"?>
<!-- Generated by org.testng.reporters.JUnitXMLReporter -->
<testsuite hostname="localhost.localdomain" name="Surefire test" tests="3" failures="0" timestamp="16 Jul 2016 11:08:53 GMT" time="0.38" errors="0">
  <testcase name="sampleXml" time="0.268" classname="com.test.SampleXmlIT"/>
  <testcase name="echoToday" time="0.004" classname="com.test.SampleJavaIT"/>
  <testcase name="sayHello" time="0.001" classname="com.test.SampleJavaIT"/>
</testsuite> <!-- Surefire test -->
