-------------------------------------------------------------------------------
Test set: com.test.ProductTest
-------------------------------------------------------------------------------
Tests run: 1, Failures: 1, Errors: 0, Skipped: 0, Time elapsed: 5.622 sec <<< FAILURE! - in com.test.ProductTest
sampleXml(com.test.ProductTest)  Time elapsed: 0.793 sec  <<< FAILURE!
com.consol.citrus.exceptions.TestCaseFailedException: Test case failed
Caused by: org.springframework.web.client.ResourceAccessException: I/O error on GET request for "http://localhost:5000/api/products/":Connect to localhost:5000 [localhost/127.0.0.1, localhost/0:0:0:0:0:0:0:1] failed: Connection refused; nested exception is org.apache.http.conn.HttpHostConnectException: Connect to localhost:5000 [localhost/127.0.0.1, localhost/0:0:0:0:0:0:0:1] failed: Connection refused
Caused by: org.apache.http.conn.HttpHostConnectException: Connect to localhost:5000 [localhost/127.0.0.1, localhost/0:0:0:0:0:0:0:1] failed: Connection refused
Caused by: java.net.ConnectException: Connection refused

