<?xml version="1.0" encoding="UTF-8"?>
<testsuite xmlns:xsi="http://www.w3.org/2001/XMLSchema-instance" xsi:schemaLocation="https://maven.apache.org/surefire/maven-surefire-plugin/xsd/surefire-test-report.xsd" name="com.test.PersistTest" time="5.548" tests="1" errors="0" skipped="0" failures="1">
  <properties>
[...]
</properties>
  <testcase name="sampleXml" classname="com.test.PersistTest" time="1.036">
    <failure message="Test case failed" type="com.consol.citrus.exceptions.TestCaseFailedException">com.consol.citrus.exceptions.TestCaseFailedException: Test case failed
Caused by: org.springframework.jms.UncategorizedJmsException: Uncategorized exception occured during JMS processing; nested exception is javax.jms.JMSException: Could not connect to broker URL: tcp://localhost:61616. Reason: java.net.ConnectException: Connection refused
Caused by: javax.jms.JMSException: Could not connect to broker URL: tcp://localhost:61616. Reason: java.net.ConnectException: Connection refused
Caused by: java.net.ConnectException: Connection refused
</failure>
    <system-out><![CDATA[07:09:44,064 INFO         citrus.Citrus| Unable to locate Citrus application properties
07:09:44,128 INFO  BeanDefinitionReader| Loading XML bean definitions from URL [file:/home/user/test/target/test-classes/citrus-context.xml]
07:09:44,687 DEBUG BeanDefinitionReader| Loaded 12 bean definitions from location pattern [classpath*:citrus-context.xml]
07:09:45,257 DEBUG .XsdSchemaRepository| Loading XSD schema resource citrus-http-message.xsd
07:09:45,261 DEBUG .XsdSchemaRepository| Loading XSD schema resource citrus-ssh-message.xsd
07:09:46,549 INFO   model.SshMarshaller| Creating JAXBContext with classes to be bound [class com.consol.citrus.ssh.model.SshRequest,class com.consol.citrus.ssh.model.SshResponse]
07:09:46,785 DEBUG  model.SshMarshaller| Setting validation schema to class path resource [com/consol/citrus/schema/citrus-ssh-message.xsd]
07:09:47,001 INFO         citrus.Citrus| 
07:09:47,002 INFO         citrus.Citrus| ------------------------------------------------------------------------
07:09:47,002 INFO         citrus.Citrus|        .__  __                       
07:09:47,002 INFO         citrus.Citrus|   ____ |__|/  |________ __ __  ______
07:09:47,002 INFO         citrus.Citrus| _/ ___\|  \   __\_  __ \  |  \/  ___/
07:09:47,002 INFO         citrus.Citrus| \  \___|  ||  |  |  | \/  |  /\___ \ 
07:09:47,002 INFO         citrus.Citrus|  \___  >__||__|  |__|  |____//____  >
07:09:47,002 INFO         citrus.Citrus|      \/                           \/
07:09:47,002 INFO         citrus.Citrus| 
07:09:47,002 INFO         citrus.Citrus| C I T R U S  T E S T S  2.6
07:09:47,002 INFO         citrus.Citrus| 
07:09:47,002 INFO         citrus.Citrus| ------------------------------------------------------------------------
07:09:47,002 DEBUG        citrus.Citrus| BEFORE TEST SUITE
07:09:47,002 INFO         citrus.Citrus| 
07:09:47,002 INFO         citrus.Citrus| 
07:09:47,002 INFO         citrus.Citrus| BEFORE TEST SUITE: SUCCESS
07:09:47,002 INFO         citrus.Citrus| ------------------------------------------------------------------------
07:09:47,002 INFO         citrus.Citrus| 
07:09:47,052 DEBUG t.TestContextFactory| Created new test context - using global variables: '{project.name=Citrus Integration Tests}'
07:09:47,295 DEBUG        util.XMLUtils| Found DOMImplementationLS: org.apache.xerces.dom.CoreDOMImplementationImpl@6331250e
07:09:47,295 DEBUG        util.XMLUtils| Found DOMImplementationLS: org.apache.xerces.dom.DOMImplementationImpl@a10c1b5
07:09:47,295 DEBUG        util.XMLUtils| Found DOMImplementationLS: org.apache.xerces.dom.PSVIDOMImplementationImpl@644abb8f
07:09:47,295 DEBUG        util.XMLUtils| Found DOMImplementationLS: org.apache.xerces.impl.xs.XSImplementationImpl@1a411233
07:09:47,295 DEBUG        util.XMLUtils| Using DOMImplementationLS: org.apache.xerces.dom.CoreDOMImplementationImpl
07:09:47,554 INFO         citrus.Citrus| 
07:09:47,554 INFO         citrus.Citrus| ------------------------------------------------------------------------
07:09:47,554 DEBUG        citrus.Citrus| STARTING TEST PersistTest <com.test>
07:09:47,555 INFO         citrus.Citrus| 
07:09:47,555 DEBUG      citrus.TestCase| Initializing test case
07:09:47,556 DEBUG  context.TestContext| Setting variable: now with value: '16.07.2016'
07:09:47,556 DEBUG  context.TestContext| Setting variable: PERSIST.DATA with value: 'hnONqblZxA'
07:09:47,557 DEBUG      citrus.TestCase| Global variables:
07:09:47,557 DEBUG      citrus.TestCase| project.name = Citrus Integration Tests
07:09:47,557 DEBUG      citrus.TestCase| PERSIST.DATA = hnONqblZxA
07:09:47,557 DEBUG      citrus.TestCase| now = 16.07.2016
07:09:47,557 DEBUG  context.TestContext| Setting variable: citrus.test.name with value: 'PersistTest'
07:09:47,557 DEBUG  context.TestContext| Setting variable: citrus.test.package with value: 'com.test'
07:09:47,557 INFO         citrus.Citrus| 
07:09:47,557 DEBUG        citrus.Citrus| TEST STEP 1/4: echo
07:09:47,557 INFO    actions.EchoAction| Today is: 16.07.2016
07:09:47,557 INFO         citrus.Citrus| 
07:09:47,557 DEBUG        citrus.Citrus| TEST STEP 1/4 SUCCESS
07:09:47,557 INFO         citrus.Citrus| 
07:09:47,557 DEBUG        citrus.Citrus| TEST STEP 2/4: send
07:09:47,585 DEBUG endpoint.JmsProducer| Sending JMS message to destination: 'queue/codecamp'
07:09:48,005 DEBUG util.ThreadPoolUtils| Shutdown of ExecutorService: java.util.concurrent.ThreadPoolExecutor@66e889df[Terminated, pool size = 0, active threads = 0, queued tasks = 0, completed tasks = 0] is shutdown: true and terminated: true took: 0.001 seconds.
07:09:48,006 DEBUG     tcp.TcpTransport| Stopping transport tcp://localhost:61616
07:09:48,007 DEBUG ad.TaskRunnerFactory| Initialized TaskRunnerFactory[ActiveMQ Task] using ExecutorService: java.util.concurrent.ThreadPoolExecutor@5b22b970[Running, pool size = 0, active threads = 0, queued tasks = 0, completed tasks = 0]
07:09:48,044 DEBUG     tcp.TcpTransport| Closed socket Socket[unconnected]
07:09:48,046 DEBUG util.ThreadPoolUtils| Forcing shutdown of ExecutorService: java.util.concurrent.ThreadPoolExecutor@5b22b970[Running, pool size = 1, active threads = 0, queued tasks = 0, completed tasks = 1]
07:09:48,065 INFO         citrus.Citrus| 
07:09:48,065 ERROR        citrus.Citrus| TEST FAILED PersistTest <com.test> Nested exception is: 
org.springframework.jms.UncategorizedJmsException: Uncategorized exception occured during JMS processing; nested exception is javax.jms.JMSException: Could not connect to broker URL: tcp://localhost:61616. Reason: java.net.ConnectException: Connection refused
	at org.springframework.jms.support.JmsUtils.convertJmsAccessException(JmsUtils.java:316)
	at org.springframework.jms.support.JmsAccessor.convertJmsAccessException(JmsAccessor.java:169)
	at org.springframework.jms.core.JmsTemplate.execute(JmsTemplate.java:497)
	at org.springframework.jms.core.JmsTemplate.send(JmsTemplate.java:580)
	at org.springframework.jms.core.JmsTemplate.send(JmsTemplate.java:563)
	at com.consol.citrus.jms.endpoint.JmsProducer.send(JmsProducer.java:65)
	at com.consol.citrus.actions.SendMessageAction.doExecute(SendMessageAction.java:103)
	at com.consol.citrus.actions.AbstractTestAction.execute(AbstractTestAction.java:42)
	at com.consol.citrus.TestCase.executeAction(TestCase.java:214)
	at com.consol.citrus.TestCase.doExecute(TestCase.java:142)
	at com.consol.citrus.actions.AbstractTestAction.execute(AbstractTestAction.java:42)
	at com.consol.citrus.Citrus.run(Citrus.java:254)
	at com.consol.citrus.testng.AbstractTestNGCitrusTest.run(AbstractTestNGCitrusTest.java:104)
	at com.consol.citrus.testng.AbstractTestNGCitrusTest.run(AbstractTestNGCitrusTest.java:70)
	at org.testng.internal.MethodInvocationHelper.invokeHookable(MethodInvocationHelper.java:208)
	at org.testng.internal.Invoker.invokeMethod(Invoker.java:635)
	at org.testng.internal.Invoker.invokeTestMethod(Invoker.java:816)
	at org.testng.internal.Invoker.invokeTestMethods(Invoker.java:1124)
	at org.testng.internal.TestMethodWorker.invokeTestMethods(TestMethodWorker.java:125)
	at org.testng.internal.TestMethodWorker.run(TestMethodWorker.java:108)
	at org.testng.TestRunner.privateRun(TestRunner.java:774)
	at org.testng.TestRunner.run(TestRunner.java:624)
	at org.testng.SuiteRunner.runTest(SuiteRunner.java:359)
	at org.testng.SuiteRunner.runSequentially(SuiteRunner.java:354)
	at org.testng.SuiteRunner.privateRun(SuiteRunner.java:312)
	at org.testng.SuiteRunner.run(SuiteRunner.java:261)
	at org.testng.SuiteRunnerWorker.runSuite(SuiteRunnerWorker.java:52)
	at org.testng.SuiteRunnerWorker.run(SuiteRunnerWorker.java:86)
	at org.testng.TestNG.runSuitesSequentially(TestNG.java:1215)
	at org.testng.TestNG.runSuitesLocally(TestNG.java:1140)
	at org.testng.TestNG.run(TestNG.java:1048)
	at org.apache.maven.surefire.testng.TestNGExecutor.run(TestNGExecutor.java:132)
	at org.apache.maven.surefire.testng.TestNGDirectoryTestSuite.executeSingleClass(TestNGDirectoryTestSuite.java:134)
	at org.apache.maven.surefire.testng.TestNGDirectoryTestSuite.execute(TestNGDirectoryTestSuite.java:118)
	at org.apache.maven.surefire.testng.TestNGProvider.invoke(TestNGProvider.java:146)
	at org.apache.maven.surefire.booter.ForkedBooter.invokeProviderInSameClassLoader(ForkedBooter.java:286)
	at org.apache.maven.surefire.booter.ForkedBooter.runSuitesInProcess(ForkedBooter.java:240)
	at org.apache.maven.surefire.booter.ForkedBooter.main(ForkedBooter.java:121)
Caused by: javax.jms.JMSException: Could not connect to broker URL: tcp://localhost:61616. Reason: java.net.ConnectException: Connection refused
	at org.apache.activemq.util.JMSExceptionSupport.create(JMSExceptionSupport.java:36)
	at org.apache.activemq.ActiveMQConnectionFactory.createActiveMQConnection(ActiveMQConnectionFactory.java:373)
	at org.apache.activemq.ActiveMQConnectionFactory.createActiveMQConnection(ActiveMQConnectionFactory.java:303)
	at org.apache.activemq.ActiveMQConnectionFactory.createConnection(ActiveMQConnectionFactory.java:243)
	at org.springframework.jms.support.JmsAccessor.createConnection(JmsAccessor.java:180)
	at org.springframework.jms.core.JmsTemplate.execute(JmsTemplate.java:484)
	... 35 more
Caused by: java.net.ConnectException: Connection refused
	at java.net.PlainSocketImpl.socketConnect(Native Method)
	at java.net.AbstractPlainSocketImpl.doConnect(AbstractPlainSocketImpl.java:350)
	at java.net.AbstractPlainSocketImpl.connectToAddress(AbstractPlainSocketImpl.java:206)
	at java.net.AbstractPlainSocketImpl.connect(AbstractPlainSocketImpl.java:188)
	at java.net.SocksSocketImpl.connect(SocksSocketImpl.java:392)
	at java.net.Socket.connect(Socket.java:589)
	at org.apache.activemq.transport.tcp.TcpTransport.connect(TcpTransport.java:525)
	at org.apache.activemq.transport.tcp.TcpTransport.doStart(TcpTransport.java:488)
	at org.apache.activemq.util.ServiceSupport.start(ServiceSupport.java:55)
	at org.apache.activemq.transport.AbstractInactivityMonitor.start(AbstractInactivityMonitor.java:168)
	at org.apache.activemq.transport.InactivityMonitor.start(InactivityMonitor.java:52)
	at org.apache.activemq.transport.TransportFilter.start(TransportFilter.java:58)
	at org.apache.activemq.transport.WireFormatNegotiator.start(WireFormatNegotiator.java:72)
	at org.apache.activemq.transport.TransportFilter.start(TransportFilter.java:58)
	at org.apache.activemq.transport.TransportFilter.start(TransportFilter.java:58)
	at org.apache.activemq.ActiveMQConnectionFactory.createActiveMQConnection(ActiveMQConnectionFactory.java:353)
	... 39 more
07:09:48,082 INFO         citrus.Citrus| ------------------------------------------------------------------------
07:09:48,082 INFO         citrus.Citrus| 
]]></system-out>
  </testcase>
</testsuite>