<?xml version="1.0" encoding="UTF-8"?>
<testng-results skipped="0" failed="0" total="1" passed="1">
  <reporter-output>
  </reporter-output>
  <suite name="Default suite" duration-ms="4879" started-at="2016-09-22T19:43:08Z" finished-at="2016-09-22T19:43:12Z">
    <groups>
    </groups>
    <test name="Default test" duration-ms="4879" started-at="2016-09-22T19:43:08Z" finished-at="2016-09-22T19:43:12Z">
      <class name="com.test.PersistJavaDSLTest">
        <test-method status="PASS" signature="beforeSuite(org.testng.ITestContext)[pri:0, instance:com.test.PersistJavaDSLTest@309e345f]" name="beforeSuite" is-config="true" duration-ms="4083" started-at="2016-09-22T15:43:03Z" finished-at="2016-09-22T15:43:08Z">
          <params>
            <param index="0">
              <value>
                <![CDATA[org.testng.TestRunner@6cf0a747]]>
              </value>
            </param>
          </params>
          <reporter-output>
          </reporter-output>
        </test-method> <!-- beforeSuite -->
        <test-method status="PASS" signature="springTestContextBeforeTestClass()[pri:0, instance:com.test.PersistJavaDSLTest@309e345f]" name="springTestContextBeforeTestClass" is-config="true" duration-ms="1" started-at="2016-09-22T15:43:08Z" finished-at="2016-09-22T15:43:08Z">
          <reporter-output>
          </reporter-output>
        </test-method> <!-- springTestContextBeforeTestClass -->
        <test-method status="PASS" signature="springTestContextPrepareTestInstance()[pri:0, instance:com.test.PersistJavaDSLTest@309e345f]" name="springTestContextPrepareTestInstance" is-config="true" duration-ms="0" started-at="2016-09-22T15:43:08Z" depends-on-methods="org.springframework.test.context.testng.AbstractTestNGSpringContextTests.springTestContextBeforeTestClass" finished-at="2016-09-22T15:43:08Z">
          <reporter-output>
          </reporter-output>
        </test-method> <!-- springTestContextPrepareTestInstance -->
        <test-method status="PASS" signature="springTestContextBeforeTestMethod(java.lang.reflect.Method)[pri:0, instance:com.test.PersistJavaDSLTest@309e345f]" name="springTestContextBeforeTestMethod" is-config="true" duration-ms="1" started-at="2016-09-22T15:43:08Z" finished-at="2016-09-22T15:43:08Z">
          <params>
            <param index="0">
              <value>
                <![CDATA[public void com.test.PersistJavaDSLTest.sampleXmlTest()]]>
              </value>
            </param>
          </params>
          <reporter-output>
          </reporter-output>
        </test-method> <!-- springTestContextBeforeTestMethod -->
        <test-method status="PASS" signature="sampleXmlTest()[pri:0, instance:com.test.PersistJavaDSLTest@309e345f]" name="sampleXmlTest" duration-ms="4826" started-at="2016-09-22T15:43:08Z" finished-at="2016-09-22T15:43:12Z">
          <reporter-output>
          </reporter-output>
        </test-method> <!-- sampleXmlTest -->
        <test-method status="PASS" signature="springTestContextAfterTestClass()[pri:0, instance:com.test.PersistJavaDSLTest@309e345f]" name="springTestContextAfterTestClass" is-config="true" duration-ms="0" started-at="2016-09-22T15:43:12Z" finished-at="2016-09-22T15:43:12Z">
          <reporter-output>
          </reporter-output>
        </test-method> <!-- springTestContextAfterTestClass -->
        <test-method status="PASS" signature="springTestContextAfterTestMethod(java.lang.reflect.Method)[pri:0, instance:com.test.PersistJavaDSLTest@309e345f]" name="springTestContextAfterTestMethod" is-config="true" duration-ms="0" started-at="2016-09-22T15:43:12Z" finished-at="2016-09-22T15:43:12Z">
          <params>
            <param index="0">
              <value>
                <![CDATA[public void com.test.PersistJavaDSLTest.sampleXmlTest()]]>
              </value>
            </param>
          </params>
          <reporter-output>
          </reporter-output>
        </test-method> <!-- springTestContextAfterTestMethod -->
        <test-method status="PASS" signature="afterSuite(org.testng.ITestContext)[pri:0, instance:com.test.PersistJavaDSLTest@309e345f]" name="afterSuite" is-config="true" duration-ms="96" started-at="2016-09-22T15:43:12Z" finished-at="2016-09-22T15:43:13Z">
          <params>
            <param index="0">
              <value>
                <![CDATA[org.testng.TestRunner@6cf0a747]]>
              </value>
            </param>
          </params>
          <reporter-output>
          </reporter-output>
        </test-method> <!-- afterSuite -->
      </class> <!-- com.test.PersistJavaDSLTest -->
    </test> <!-- Default test -->
  </suite> <!-- Default suite -->
</testng-results>
